<?xml version="1.0" encoding="UTF-8" ?>
<testsuite tests="10" failures="0" name="org.springframework.samples.petclinic.service.ClinicServiceJpaTests" time="0.865" errors="0" skipped="0">
  <properties>
[...]
</properties>
  <testcase classname="org.springframework.samples.petclinic.service.ClinicServiceJpaTests" name="updatePet" time="0.214"/>
  <testcase classname="org.springframework.samples.petclinic.service.ClinicServiceJpaTests" name="getPetTypes" time="0.156"/>
  <testcase classname="org.springframework.samples.petclinic.service.ClinicServiceJpaTests" name="findPet" time="0.018"/>
  <testcase classname="org.springframework.samples.petclinic.service.ClinicServiceJpaTests" name="findVets" time="0.048"/>
  <testcase classname="org.springframework.samples.petclinic.service.ClinicServiceJpaTests" name="updateOwner" time="0.293"/>
  <testcase classname="org.springframework.samples.petclinic.service.ClinicServiceJpaTests" name="insertPet" time="0.086"/>
  <testcase classname="org.springframework.samples.petclinic.service.ClinicServiceJpaTests" name="findSingleOwner" time="0.012"/>
  <testcase classname="org.springframework.samples.petclinic.service.ClinicServiceJpaTests" name="insertOwner" time="0.021"/>
  <testcase classname="org.springframework.samples.petclinic.service.ClinicServiceJpaTests" name="insertVisit" time="0.008"/>
  <testcase classname="org.springframework.samples.petclinic.service.ClinicServiceJpaTests" name="findOwners" time="0.009"/>
</testsuite>